<?xml version="1.0" encoding="utf-8"?><testsuites name="pytest tests"><testsuite name="pytest" errors="0" failures="0" skipped="0" tests="6" time="3.052" timestamp="2026-08-21T13:14:49.605827+00:00" hostname="agent-env-0fd5480a-bda6-42d3-a3e9-c4d0bea02014"><testcase classname="backend.tests.test_thumbnails.TestMenuCreateThumbnail" name="test_create_menu_item_generates_thumbnail" time="1.349" /><testcase classname="backend.tests.test_thumbnails.TestMenuCreateThumbnail" name="test_update_menu_item_regenerates_thumbnail" time="0.276" /><testcase classname="backend.tests.test_thumbnails.TestListEndpointsSurfaceThumbnail" name="test_drops_has_thumbnail_url" time="0.155" /><testcase classname="backend.tests.test_thumbnails.TestListEndpointsSurfaceThumbnail" name="test_browse_deals_has_item_thumbnail" time="0.725" /><testcase classname="backend.tests.test_thumbnails.TestListEndpointsSurfaceThumbnail" name="test_featured_deals_has_item_thumbnail" time="0.149" /><testcase classname="backend.tests.test_thumbnails.TestListEndpointsSurfaceThumbnail" name="test_restaurant_detail_surplus_items_have_thumbnail" time="0.360" /></testsuite></testsuites>