<?xml version="1.0" encoding="utf-8"?><testsuites name="pytest tests"><testsuite name="pytest" errors="0" failures="0" skipped="0" tests="7" time="2.471" timestamp="2026-08-21T19:56:39.460769+00:00" hostname="agent-env-0fd5480a-bda6-42d3-a3e9-c4d0bea02014"><testcase classname="backend.tests.test_slim_geo_cache_notes.TestSlimList" name="test_list_returns_200_and_slim_fields" time="0.257" /><testcase classname="backend.tests.test_slim_geo_cache_notes.TestSlimList" name="test_list_contains_the_2_active_vendors" time="0.072" /><testcase classname="backend.tests.test_slim_geo_cache_notes.TestDetailFull" name="test_detail_has_hours_today_shifts_location" time="0.070" /><testcase classname="backend.tests.test_slim_geo_cache_notes.TestGeoNear" name="test_with_coords_returns_200_and_2_vendors" time="0.072" /><testcase classname="backend.tests.test_slim_geo_cache_notes.TestGeoNear" name="test_2dsphere_index_exists_on_vendors" time="0.005" /><testcase classname="backend.tests.test_slim_geo_cache_notes.TestCartNotes" name="test_order_create_with_note" time="0.486" /><testcase classname="backend.tests.test_slim_geo_cache_notes.TestImagesCache" name="test_upload_menu_image_and_verify_files_cache" time="1.416" /></testsuite></testsuites>