<?xml version="1.0" encoding="utf-8"?><testsuites name="pytest tests"><testsuite name="pytest" errors="0" failures="0" skipped="1" tests="14" time="5.304" timestamp="2026-08-21T15:22:46.534583+00:00" hostname="agent-env-0fd5480a-bda6-42d3-a3e9-c4d0bea02014"><testcase classname="backend.tests.test_multi_item_cart.TestValidation" name="test_empty_items_rejected" time="0.815" /><testcase classname="backend.tests.test_multi_item_cart.TestValidation" name="test_missing_food_item_id_and_items_rejected" time="0.141" /><testcase classname="backend.tests.test_multi_item_cart.TestValidation" name="test_zero_quantity_treated_as_empty" time="0.338" /><testcase classname="backend.tests.test_multi_item_cart.TestValidation" name="test_cross_vendor_items_rejected" time="0.300" /><testcase classname="backend.tests.test_multi_item_cart.TestValidation" name="test_unknown_food_item_returns_404" time="0.179" /><testcase classname="backend.tests.test_multi_item_cart.TestValidation" name="test_surplus_over_quantity_available_rejected" time="0.174" /><testcase classname="backend.tests.test_multi_item_cart.TestValidation" name="test_auth_required" time="0.144" /><testcase classname="backend.tests.test_multi_item_cart.TestCreatePending" name="test_multi_item_takeaway_creates_razorpay_order" time="0.949" /><testcase classname="backend.tests.test_multi_item_cart.TestCreatePending" name="test_legacy_single_item_body_still_works" time="0.426" /><testcase classname="backend.tests.test_multi_item_cart.TestCreatePending" name="test_multi_item_surplus_creates_order" time="0.433" /><testcase classname="backend.tests.test_multi_item_cart.TestPendingShape" name="test_pending_has_items_array" time="0.613" /><testcase classname="backend.tests.test_multi_item_cart.TestReorderVendorId" name="test_reorder_unknown_id_404" time="0.140" /><testcase classname="backend.tests.test_multi_item_cart.TestReorderVendorId" name="test_reorder_response_has_vendorId_key" time="0.165"><skipped type="pytest.skip" message="Fresh test customer — no historical orders to reorder from">/app/backend/tests/test_multi_item_cart.py:247: Fresh test customer — no historical orders to reorder from</skipped></testcase><testcase classname="backend.tests.test_multi_item_cart.TestClosedRestaurant" name="test_response_shape_when_closed" time="0.467" /></testsuite></testsuites>