<?xml version="1.0" encoding="utf-8"?><testsuites name="pytest tests"><testsuite name="pytest" errors="0" failures="0" skipped="0" tests="12" time="5.265" timestamp="2026-08-21T14:55:16.304679+00:00" hostname="agent-env-0fd5480a-bda6-42d3-a3e9-c4d0bea02014"><testcase classname="backend.tests.test_menu_category_and_sort.TestMenuCategoryPersistence" name="test_create_menu_item_stores_menu_category" time="1.108" /><testcase classname="backend.tests.test_menu_category_and_sort.TestMenuCategoryPersistence" name="test_update_menu_item_updates_menu_category" time="0.369" /><testcase classname="backend.tests.test_menu_category_and_sort.TestMenuCategoryPersistence" name="test_get_restaurant_returns_menu_category" time="0.882" /><testcase classname="backend.tests.test_menu_category_and_sort.TestDropsSort" name="test_drops_price_asc" time="1.305" /><testcase classname="backend.tests.test_menu_category_and_sort.TestDropsSort" name="test_drops_price_desc" time="0.168" /><testcase classname="backend.tests.test_menu_category_and_sort.TestDropsSort" name="test_drops_discount" time="0.188" /><testcase classname="backend.tests.test_menu_category_and_sort.TestBrowseDealsSort" name="test_browse_deals_price_asc" time="0.164" /><testcase classname="backend.tests.test_menu_category_and_sort.TestBrowseDealsSort" name="test_browse_deals_price_desc" time="0.198" /><testcase classname="backend.tests.test_menu_category_and_sort.TestBrowseDealsSort" name="test_browse_deals_discount" time="0.227" /><testcase classname="backend.tests.test_menu_category_and_sort.TestBrowseDealsSort" name="test_browse_deals_distance" time="0.141" /><testcase classname="backend.tests.test_menu_category_and_sort.TestMenuImportCategory" name="test_parse_csv_maps_menu_category_column" time="0.132" /><testcase classname="backend.tests.test_menu_category_and_sort.TestMenuImportCategory" name="test_parse_csv_section_column_alias" time="0.341" /></testsuite></testsuites>