<?xml version="1.0" encoding="utf-8"?><testsuites name="pytest tests"><testsuite name="pytest" errors="0" failures="0" skipped="1" tests="17" time="0.154" timestamp="2026-08-21T12:57:41.372100+00:00" hostname="agent-env-0fd5480a-bda6-42d3-a3e9-c4d0bea02014"><testcase classname="backend.tests.test_pagination_and_indexes.TestRestaurantsPagination" name="test_full_list_no_limit" time="0.012" /><testcase classname="backend.tests.test_pagination_and_indexes.TestRestaurantsPagination" name="test_limit_1_offset_0" time="0.004" /><testcase classname="backend.tests.test_pagination_and_indexes.TestRestaurantsPagination" name="test_limit_1_offset_1_differs_from_offset_0" time="0.009" /><testcase classname="backend.tests.test_pagination_and_indexes.TestRestaurantsPagination" name="test_limit_matches_slice_of_full" time="0.006" /><testcase classname="backend.tests.test_pagination_and_indexes.TestBrowseDealsPagination" name="test_full_list_no_limit" time="0.002" /><testcase classname="backend.tests.test_pagination_and_indexes.TestBrowseDealsPagination" name="test_limit_15_returns_at_most_15" time="0.002" /><testcase classname="backend.tests.test_pagination_and_indexes.TestBrowseDealsPagination" name="test_offset_slices_correctly" time="0.002"><skipped type="pytest.skip" message="Only 0 browse-deal item(s); cannot exercise offset.">/app/backend/tests/test_pagination_and_indexes.py:69: Only 0 browse-deal item(s); cannot exercise offset.</skipped></testcase><testcase classname="backend.tests.test_pagination_and_indexes.TestBrowseDealsPagination" name="test_pagination_preserves_sort" time="0.004" /><testcase classname="backend.tests.test_pagination_and_indexes.TestMongoIndexes" name="test_vendors_status_index" time="0.074" /><testcase classname="backend.tests.test_pagination_and_indexes.TestMongoIndexes" name="test_vendors_status_category_compound" time="0.000" /><testcase classname="backend.tests.test_pagination_and_indexes.TestMongoIndexes" name="test_menu_items_vendor_available_today" time="0.000" /><testcase classname="backend.tests.test_pagination_and_indexes.TestMongoIndexes" name="test_menu_items_vendor_in_stock" time="0.000" /><testcase classname="backend.tests.test_pagination_and_indexes.TestMongoIndexes" name="test_menu_items_food_type" time="0.000" /><testcase classname="backend.tests.test_pagination_and_indexes.TestMongoIndexes" name="test_orders_vendor_status" time="0.000" /><testcase classname="backend.tests.test_pagination_and_indexes.TestMongoIndexes" name="test_orders_user_status" time="0.000" /><testcase classname="backend.tests.test_pagination_and_indexes.TestBackwardCompat" name="test_featured_deals" time="0.004" /><testcase classname="backend.tests.test_pagination_and_indexes.TestBackwardCompat" name="test_restaurants_list_shape" time="0.003" /></testsuite></testsuites>