<?xml version="1.0" encoding="utf-8"?><testsuites name="pytest tests"><testsuite name="pytest" errors="0" failures="0" skipped="0" tests="4" time="1.705" timestamp="2026-04-17T07:55:01.706011+00:00" hostname="agent-env-8645fa63-fbd4-4af3-8ec7-38328254c47e"><testcase classname="tests.test_auth.TestAuth" name="test_register_invalid_email" time="0.230" /><testcase classname="tests.test_auth.TestAuth" name="test_register_short_password" time="0.140" /><testcase classname="tests.test_orders.TestOrders" name="test_cancel_reserved_order" time="0.913" /><testcase classname="tests.test_orders.TestOrders" name="test_cancel_non_reserved_order" time="0.406" /></testsuite></testsuites>