<?xml version="1.0" encoding="utf-8"?><testsuites name="pytest tests"><testsuite name="pytest" errors="0" failures="0" skipped="0" tests="34" time="7.666" timestamp="2026-04-14T18:44:36.086277+00:00" hostname="agent-env-8645fa63-fbd4-4af3-8ec7-38328254c47e"><testcase classname="tests.test_admin.TestAdmin" name="test_admin_vendors_requires_admin" time="0.476" /><testcase classname="tests.test_admin.TestAdmin" name="test_admin_get_vendors" time="0.538" /><testcase classname="tests.test_admin.TestAdmin" name="test_admin_create_vendor" time="0.611" /><testcase classname="tests.test_admin.TestAdmin" name="test_admin_get_vendor_menu" time="0.168" /><testcase classname="tests.test_admin.TestAdmin" name="test_admin_add_menu_item" time="0.162" /><testcase classname="tests.test_admin.TestAdmin" name="test_admin_delete_menu_item" time="0.224" /><testcase classname="tests.test_auth.TestAuth" name="test_login_admin_success" time="0.324" /><testcase classname="tests.test_auth.TestAuth" name="test_login_vendor_success" time="0.324" /><testcase classname="tests.test_auth.TestAuth" name="test_login_invalid_credentials" time="0.338" /><testcase classname="tests.test_auth.TestAuth" name="test_register_new_user" time="0.620" /><testcase classname="tests.test_auth.TestAuth" name="test_register_duplicate_email" time="0.105" /><testcase classname="tests.test_auth.TestAuth" name="test_auth_me_with_token" time="0.121" /><testcase classname="tests.test_auth.TestAuth" name="test_auth_me_without_token" time="0.114" /><testcase classname="tests.test_auth.TestAuth" name="test_logout" time="0.118" /><testcase classname="tests.test_drops.TestDrops" name="test_get_drops_list" time="0.156" /><testcase classname="tests.test_drops.TestDrops" name="test_get_drops_with_location" time="0.104" /><testcase classname="tests.test_drops.TestDrops" name="test_get_categories" time="0.154" /><testcase classname="tests.test_drops.TestDrops" name="test_get_drops_filter_by_category" time="0.114" /><testcase classname="tests.test_drops.TestDrops" name="test_get_drops_sort_by_price" time="0.102" /><testcase classname="tests.test_drops.TestDrops" name="test_get_drop_detail" time="0.163" /><testcase classname="tests.test_drops.TestDrops" name="test_get_drop_not_found" time="0.146" /><testcase classname="tests.test_orders.TestOrders" name="test_create_order_requires_auth" time="0.124" /><testcase classname="tests.test_orders.TestOrders" name="test_create_order_with_auth" time="0.165" /><testcase classname="tests.test_orders.TestOrders" name="test_create_order_invalid_drop" time="0.109" /><testcase classname="tests.test_orders.TestOrders" name="test_verify_order_with_auth" time="0.424" /><testcase classname="tests.test_orders.TestOrders" name="test_get_user_orders" time="0.201" /><testcase classname="tests.test_orders.TestOrders" name="test_get_user_orders_requires_auth" time="0.134" /><testcase classname="tests.test_vendor.TestVendor" name="test_vendor_menu_requires_auth" time="0.111" /><testcase classname="tests.test_vendor.TestVendor" name="test_vendor_menu_with_vendor_auth" time="0.285" /><testcase classname="tests.test_vendor.TestVendor" name="test_vendor_drops_with_vendor_auth" time="0.129" /><testcase classname="tests.test_vendor.TestVendor" name="test_vendor_orders_with_vendor_auth" time="0.131" /><testcase classname="tests.test_vendor.TestVendor" name="test_vendor_menu_with_user_auth_fails" time="0.262" /><testcase classname="tests.test_vendor.TestVendor" name="test_create_vendor_drop" time="0.173" /><testcase classname="tests.test_vendor.TestVendor" name="test_toggle_vendor_drop" time="0.167" /></testsuite></testsuites>