<?xml version="1.0" encoding="utf-8"?><testsuites name="pytest tests"><testsuite name="pytest" errors="0" failures="0" skipped="0" tests="28" time="6.829" timestamp="2026-06-11T13:31:06.366924+00:00" hostname="agent-env-0fd5480a-bda6-42d3-a3e9-c4d0bea02014"><testcase classname="backend.tests.test_order_pricing.TestOrderPricing" name="test_pricing_amount_qty_1" time="0.829" /><testcase classname="backend.tests.test_order_pricing.TestOrderPricing" name="test_pricing_amount_qty_2" time="0.163" /><testcase classname="backend.tests.test_order_pricing.TestOrderPricing" name="test_pricing_pending_order_total_persisted" time="0.525" /><testcase classname="backend.tests.test_orders.TestOrders" name="test_create_order_requires_auth" time="0.108" /><testcase classname="backend.tests.test_orders.TestOrders" name="test_create_order_with_auth" time="0.187" /><testcase classname="backend.tests.test_orders.TestOrders" name="test_create_order_invalid_drop" time="0.129" /><testcase classname="backend.tests.test_orders.TestOrders" name="test_verify_order_with_auth" time="0.294" /><testcase classname="backend.tests.test_orders.TestOrders" name="test_get_user_orders" time="0.127" /><testcase classname="backend.tests.test_orders.TestOrders" name="test_get_user_orders_requires_auth" time="0.171" /><testcase classname="backend.tests.test_orders.TestOrders" name="test_cancel_reserved_order" time="0.410" /><testcase classname="backend.tests.test_orders.TestOrders" name="test_cancel_non_reserved_order" time="0.504" /><testcase classname="backend.tests.test_auth.TestAuth" name="test_login_admin_success" time="0.345" /><testcase classname="backend.tests.test_auth.TestAuth" name="test_login_vendor_success" time="0.381" /><testcase classname="backend.tests.test_auth.TestAuth" name="test_login_invalid_credentials" time="0.342" /><testcase classname="backend.tests.test_auth.TestAuth" name="test_register_new_user" time="0.611" /><testcase classname="backend.tests.test_auth.TestAuth" name="test_register_duplicate_email" time="0.144" /><testcase classname="backend.tests.test_auth.TestAuth" name="test_auth_me_with_token" time="0.113" /><testcase classname="backend.tests.test_auth.TestAuth" name="test_auth_me_without_token" time="0.112" /><testcase classname="backend.tests.test_auth.TestAuth" name="test_logout" time="0.106" /><testcase classname="backend.tests.test_auth.TestAuth" name="test_register_invalid_email" time="0.126" /><testcase classname="backend.tests.test_auth.TestAuth" name="test_register_short_password" time="0.157" /><testcase classname="backend.tests.test_drops.TestDrops" name="test_get_drops_list" time="0.107" /><testcase classname="backend.tests.test_drops.TestDrops" name="test_get_drops_with_location" time="0.114" /><testcase classname="backend.tests.test_drops.TestDrops" name="test_get_categories" time="0.112" /><testcase classname="backend.tests.test_drops.TestDrops" name="test_get_drops_filter_by_category" time="0.174" /><testcase classname="backend.tests.test_drops.TestDrops" name="test_get_drops_sort_by_price" time="0.108" /><testcase classname="backend.tests.test_drops.TestDrops" name="test_get_drop_detail" time="0.167" /><testcase classname="backend.tests.test_drops.TestDrops" name="test_get_drop_not_found" time="0.104" /></testsuite></testsuites>