<?xml version="1.0" encoding="utf-8"?><testsuites name="pytest tests"><testsuite name="pytest" errors="0" failures="0" skipped="0" tests="12" time="4.905" timestamp="2026-08-21T10:40:57.637446+00:00" hostname="agent-env-0fd5480a-bda6-42d3-a3e9-c4d0bea02014"><testcase classname="backend.tests.test_operating_hours.TestOpsVendorHours" name="test_ops_create_vendor_persists_hours" time="1.143" /><testcase classname="backend.tests.test_operating_hours.TestOpsVendorHours" name="test_ops_update_vendor_hours" time="0.298" /><testcase classname="backend.tests.test_operating_hours.TestOpsVendorHours" name="test_ops_update_rejects_invalid_hours" time="0.123" /><testcase classname="backend.tests.test_operating_hours.TestVendorHours" name="test_valid_hours_200" time="0.443" /><testcase classname="backend.tests.test_operating_hours.TestVendorHours" name="test_overlap_400" time="0.101" /><testcase classname="backend.tests.test_operating_hours.TestVendorHours" name="test_close_before_open_400" time="0.104" /><testcase classname="backend.tests.test_operating_hours.TestVendorHours" name="test_more_than_two_shifts_400" time="0.111" /><testcase classname="backend.tests.test_operating_hours.TestRestaurantsPublicHours" name="test_list_includes_open_and_today_shifts" time="0.548" /><testcase classname="backend.tests.test_operating_hours.TestRestaurantsPublicHours" name="test_detail_returns_hours" time="0.124" /><testcase classname="backend.tests.test_operating_hours.TestOrderShiftGating" name="test_order_create_open_ok" time="1.155" /><testcase classname="backend.tests.test_operating_hours.TestOrderShiftGating" name="test_order_create_invalid_shift_400" time="0.100" /><testcase classname="backend.tests.test_operating_hours.TestOrderShiftGating" name="test_order_create_when_closed_blocked" time="0.602" /></testsuite></testsuites>