<?xml version="1.0" encoding="utf-8"?><testsuites name="pytest tests"><testsuite name="pytest" errors="0" failures="0" skipped="0" tests="13" time="10.633" timestamp="2026-08-06T12:06:22.862039+00:00" hostname="agent-env-0fd5480a-bda6-42d3-a3e9-c4d0bea02014"><testcase classname="backend.tests.test_sold_out.TestToggleEndpoint" name="test_toggle_requires_auth" time="0.978" /><testcase classname="backend.tests.test_sold_out.TestToggleEndpoint" name="test_toggle_customer_forbidden" time="1.043" /><testcase classname="backend.tests.test_sold_out.TestToggleEndpoint" name="test_toggle_sold_out_and_back" time="0.708" /><testcase classname="backend.tests.test_sold_out.TestToggleEndpoint" name="test_toggle_unknown_item_404" time="0.461" /><testcase classname="backend.tests.test_sold_out.TestDropsVisibility" name="test_visible_when_in_stock" time="0.631" /><testcase classname="backend.tests.test_sold_out.TestDropsVisibility" name="test_hidden_when_sold_out" time="0.626" /><testcase classname="backend.tests.test_sold_out.TestRestaurantDetailVisibility" name="test_visible_when_in_stock" time="0.770" /><testcase classname="backend.tests.test_sold_out.TestRestaurantDetailVisibility" name="test_surplus_item_hidden_from_both_lists_when_sold_out" time="0.614" /><testcase classname="backend.tests.test_sold_out.TestRestaurantDetailVisibility" name="test_takeaway_item_hidden_from_menu_when_sold_out" time="0.595" /><testcase classname="backend.tests.test_sold_out.TestOrderCreateBlocking" name="test_surplus_sold_out_returns_400" time="0.654" /><testcase classname="backend.tests.test_sold_out.TestOrderCreateBlocking" name="test_takeaway_sold_out_returns_400" time="0.598" /><testcase classname="backend.tests.test_sold_out.TestOrderCreateBlocking" name="test_available_item_does_not_return_sold_out_400" time="1.418" /><testcase classname="backend.tests.test_sold_out.TestRestoration" name="test_toggle_back_restores_visibility_and_orderability" time="1.491" /></testsuite></testsuites>