<?xml version="1.0" encoding="utf-8"?><testsuites name="pytest tests"><testsuite name="pytest" errors="0" failures="0" skipped="0" tests="53" time="9.661" timestamp="2026-04-17T07:55:07.700536+00:00" hostname="agent-env-8645fa63-fbd4-4af3-8ec7-38328254c47e"><testcase classname="tests.test_admin.TestAdmin" name="test_admin_vendors_requires_admin" time="0.508" /><testcase classname="tests.test_admin.TestAdmin" name="test_admin_get_vendors" time="0.462" /><testcase classname="tests.test_admin.TestAdmin" name="test_admin_create_vendor" time="0.600" /><testcase classname="tests.test_admin.TestAdmin" name="test_admin_get_vendor_menu" time="0.160" /><testcase classname="tests.test_admin.TestAdmin" name="test_admin_add_menu_item" time="0.207" /><testcase classname="tests.test_admin.TestAdmin" name="test_admin_delete_menu_item" time="0.200" /><testcase classname="tests.test_auth.TestAuth" name="test_login_admin_success" time="0.328" /><testcase classname="tests.test_auth.TestAuth" name="test_login_vendor_success" time="0.334" /><testcase classname="tests.test_auth.TestAuth" name="test_login_invalid_credentials" time="0.323" /><testcase classname="tests.test_auth.TestAuth" name="test_register_new_user" time="0.589" /><testcase classname="tests.test_auth.TestAuth" name="test_register_duplicate_email" time="0.102" /><testcase classname="tests.test_auth.TestAuth" name="test_auth_me_with_token" time="0.103" /><testcase classname="tests.test_auth.TestAuth" name="test_auth_me_without_token" time="0.104" /><testcase classname="tests.test_auth.TestAuth" name="test_logout" time="0.106" /><testcase classname="tests.test_auth.TestAuth" name="test_register_invalid_email" time="0.099" /><testcase classname="tests.test_auth.TestAuth" name="test_register_short_password" time="0.107" /><testcase classname="tests.test_drops.TestDrops" name="test_get_drops_list" time="0.122" /><testcase classname="tests.test_drops.TestDrops" name="test_get_drops_with_location" time="0.156" /><testcase classname="tests.test_drops.TestDrops" name="test_get_categories" time="0.097" /><testcase classname="tests.test_drops.TestDrops" name="test_get_drops_filter_by_category" time="0.107" /><testcase classname="tests.test_drops.TestDrops" name="test_get_drops_sort_by_price" time="0.161" /><testcase classname="tests.test_drops.TestDrops" name="test_get_drop_detail" time="0.149" /><testcase classname="tests.test_drops.TestDrops" name="test_get_drop_not_found" time="0.116" /><testcase classname="tests.test_orders.TestOrders" name="test_create_order_requires_auth" time="0.100" /><testcase classname="tests.test_orders.TestOrders" name="test_create_order_with_auth" time="0.166" /><testcase classname="tests.test_orders.TestOrders" name="test_create_order_invalid_drop" time="0.098" /><testcase classname="tests.test_orders.TestOrders" name="test_verify_order_with_auth" time="0.284" /><testcase classname="tests.test_orders.TestOrders" name="test_get_user_orders" time="0.107" /><testcase classname="tests.test_orders.TestOrders" name="test_get_user_orders_requires_auth" time="0.110" /><testcase classname="tests.test_orders.TestOrders" name="test_cancel_reserved_order" time="0.390" /><testcase classname="tests.test_orders.TestOrders" name="test_cancel_non_reserved_order" time="0.416" /><testcase classname="tests.test_payouts.TestVendorPayouts" name="test_vendor_payouts_summary_requires_auth" time="0.097" /><testcase classname="tests.test_payouts.TestVendorPayouts" name="test_vendor_payouts_summary_success" time="0.117" /><testcase classname="tests.test_payouts.TestVendorPayouts" name="test_vendor_payouts_orders_requires_auth" time="0.118" /><testcase classname="tests.test_payouts.TestVendorPayouts" name="test_vendor_payouts_orders_success" time="0.099" /><testcase classname="tests.test_payouts.TestVendorPayouts" name="test_vendor_payouts_non_vendor_forbidden" time="0.103" /><testcase classname="tests.test_payouts.TestAdminPayouts" name="test_admin_payouts_vendors_requires_auth" time="0.102" /><testcase classname="tests.test_payouts.TestAdminPayouts" name="test_admin_payouts_vendors_requires_admin" time="0.097" /><testcase classname="tests.test_payouts.TestAdminPayouts" name="test_admin_payouts_vendors_success" time="0.104" /><testcase classname="tests.test_payouts.TestAdminPayouts" name="test_admin_add_payout_requires_auth" time="0.121" /><testcase classname="tests.test_payouts.TestAdminPayouts" name="test_admin_add_payout_requires_admin" time="0.110" /><testcase classname="tests.test_payouts.TestAdminPayouts" name="test_admin_add_payout_invalid_vendor" time="0.117" /><testcase classname="tests.test_payouts.TestAdminPayouts" name="test_admin_add_payout_success_and_verify" time="0.208" /><testcase classname="tests.test_payouts.TestAdminPayouts" name="test_admin_payout_history_requires_auth" time="0.104" /><testcase classname="tests.test_payouts.TestAdminPayouts" name="test_admin_payout_history_requires_admin" time="0.101" /><testcase classname="tests.test_payouts.TestAdminPayouts" name="test_admin_payout_history_success" time="0.157" /><testcase classname="tests.test_vendor.TestVendor" name="test_vendor_menu_requires_auth" time="0.107" /><testcase classname="tests.test_vendor.TestVendor" name="test_vendor_menu_with_vendor_auth" time="0.129" /><testcase classname="tests.test_vendor.TestVendor" name="test_vendor_drops_with_vendor_auth" time="0.119" /><testcase classname="tests.test_vendor.TestVendor" name="test_vendor_orders_with_vendor_auth" time="0.108" /><testcase classname="tests.test_vendor.TestVendor" name="test_vendor_menu_with_user_auth_fails" time="0.139" /><testcase classname="tests.test_vendor.TestVendor" name="test_create_vendor_drop" time="0.160" /><testcase classname="tests.test_vendor.TestVendor" name="test_toggle_vendor_drop" time="0.149" /></testsuite></testsuites>