<?xml version="1.0" encoding="utf-8"?><testsuites name="pytest tests"><testsuite name="pytest" errors="0" failures="0" skipped="0" tests="15" time="3.001" timestamp="2026-04-15T06:46:41.565652+00:00" hostname="agent-env-8645fa63-fbd4-4af3-8ec7-38328254c47e"><testcase classname="tests.test_payouts.TestVendorPayouts" name="test_vendor_payouts_summary_requires_auth" time="0.242" /><testcase classname="tests.test_payouts.TestVendorPayouts" name="test_vendor_payouts_summary_success" time="0.506" /><testcase classname="tests.test_payouts.TestVendorPayouts" name="test_vendor_payouts_orders_requires_auth" time="0.143" /><testcase classname="tests.test_payouts.TestVendorPayouts" name="test_vendor_payouts_orders_success" time="0.128" /><testcase classname="tests.test_payouts.TestVendorPayouts" name="test_vendor_payouts_non_vendor_forbidden" time="0.506" /><testcase classname="tests.test_payouts.TestAdminPayouts" name="test_admin_payouts_vendors_requires_auth" time="0.105" /><testcase classname="tests.test_payouts.TestAdminPayouts" name="test_admin_payouts_vendors_requires_admin" time="0.144" /><testcase classname="tests.test_payouts.TestAdminPayouts" name="test_admin_payouts_vendors_success" time="0.102" /><testcase classname="tests.test_payouts.TestAdminPayouts" name="test_admin_add_payout_requires_auth" time="0.132" /><testcase classname="tests.test_payouts.TestAdminPayouts" name="test_admin_add_payout_requires_admin" time="0.174" /><testcase classname="tests.test_payouts.TestAdminPayouts" name="test_admin_add_payout_invalid_vendor" time="0.105" /><testcase classname="tests.test_payouts.TestAdminPayouts" name="test_admin_add_payout_success_and_verify" time="0.203" /><testcase classname="tests.test_payouts.TestAdminPayouts" name="test_admin_payout_history_requires_auth" time="0.138" /><testcase classname="tests.test_payouts.TestAdminPayouts" name="test_admin_payout_history_requires_admin" time="0.103" /><testcase classname="tests.test_payouts.TestAdminPayouts" name="test_admin_payout_history_success" time="0.214" /></testsuite></testsuites>