<?xml version="1.0" encoding="utf-8"?><testsuites name="pytest tests"><testsuite name="pytest" errors="0" failures="0" skipped="0" tests="11" time="3.623" timestamp="2026-07-08T06:54:32.820585+00:00" hostname="agent-env-0fd5480a-bda6-42d3-a3e9-c4d0bea02014"><testcase classname="backend.tests.test_staff_password_reset.TestStaffPasswordReset" name="test_admin_can_reset_staff_password" time="0.935" /><testcase classname="backend.tests.test_staff_password_reset.TestStaffPasswordReset" name="test_staff_can_login_with_new_password" time="0.351" /><testcase classname="backend.tests.test_staff_password_reset.TestStaffPasswordReset" name="test_login_old_password_no_longer_works" time="0.313" /><testcase classname="backend.tests.test_staff_password_reset.TestPasswordResetValidation" name="test_short_password_rejected_400" time="0.147" /><testcase classname="backend.tests.test_staff_password_reset.TestPasswordResetValidation" name="test_empty_password_rejected_400" time="0.128" /><testcase classname="backend.tests.test_staff_password_reset.TestPasswordResetValidation" name="test_unknown_user_returns_404" time="0.099" /><testcase classname="backend.tests.test_staff_password_reset.TestPasswordResetRBAC" name="test_create_finance_staff" time="0.350" /><testcase classname="backend.tests.test_staff_password_reset.TestPasswordResetRBAC" name="test_finance_can_login" time="0.318" /><testcase classname="backend.tests.test_staff_password_reset.TestPasswordResetRBAC" name="test_finance_reset_forbidden_403" time="0.092" /><testcase classname="backend.tests.test_staff_password_reset.TestPasswordResetRBAC" name="test_cleanup_finance_staff" time="0.128" /><testcase classname="backend.tests.test_staff_password_reset.TestCreateStaffLogin" name="test_create_and_login" time="0.728" /></testsuite></testsuites>