<?xml version="1.0" encoding="utf-8"?><testsuites name="pytest tests"><testsuite name="pytest" errors="0" failures="0" skipped="0" tests="12" time="3.161" timestamp="2026-07-27T10:38:19.137082+00:00" hostname="agent-env-0fd5480a-bda6-42d3-a3e9-c4d0bea02014"><testcase classname="backend.tests.test_pickup_verification.TestVerifyPickup" name="test_wrong_code_returns_400" time="0.810" /><testcase classname="backend.tests.test_pickup_verification.TestVerifyPickup" name="test_correct_code_completes_order" time="0.148" /><testcase classname="backend.tests.test_pickup_verification.TestVerifyPickup" name="test_replay_verify_returns_400_already_completed" time="0.204" /><testcase classname="backend.tests.test_pickup_verification.TestVerifyPickup" name="test_verify_cancelled_order_blocked" time="0.094" /><testcase classname="backend.tests.test_pickup_verification.TestVendorListNoCode" name="test_vendor_orders_hides_pickup_code" time="0.147" /><testcase classname="backend.tests.test_pickup_verification.TestOpsListPickupCodeVisibility" name="test_admin_sees_pickup_code" time="0.418" /><testcase classname="backend.tests.test_pickup_verification.TestOpsListPickupCodeVisibility" name="test_operations_does_not_see_pickup_code" time="0.420" /><testcase classname="backend.tests.test_pickup_verification.TestOpsRefund" name="test_operations_cannot_refund" time="0.100" /><testcase classname="backend.tests.test_pickup_verification.TestOpsRefund" name="test_admin_refund_and_verify_blocked" time="0.204" /><testcase classname="backend.tests.test_pickup_verification.TestOpsDashboardNoRegress" name="test_ops_dashboard_ok" time="0.104" /><testcase classname="backend.tests.test_pickup_verification.TestOpsDashboardNoRegress" name="test_ops_analytics_ok" time="0.097" /><testcase classname="backend.tests.test_pickup_verification.TestOpsDashboardNoRegress" name="test_refunded_excluded_from_revenue" time="0.317" /></testsuite></testsuites>