<?xml version="1.0" encoding="utf-8"?><testsuites name="pytest tests"><testsuite name="pytest" errors="0" failures="0" skipped="0" tests="19" time="3.981" timestamp="2026-07-27T17:44:35.833032+00:00" hostname="agent-env-0fd5480a-bda6-42d3-a3e9-c4d0bea02014"><testcase classname="backend.tests.test_support_ops.TestListRBAC" name="test_admin_can_list" time="0.595" /><testcase classname="backend.tests.test_support_ops.TestListRBAC" name="test_operations_can_list" time="0.441" /><testcase classname="backend.tests.test_support_ops.TestListRBAC" name="test_finance_forbidden" time="0.545" /><testcase classname="backend.tests.test_support_ops.TestListRBAC" name="test_unauthenticated_401" time="0.140" /><testcase classname="backend.tests.test_support_ops.TestListBehaviour" name="test_newest_first" time="0.062" /><testcase classname="backend.tests.test_support_ops.TestListBehaviour" name="test_photo_omitted_from_list" time="0.063" /><testcase classname="backend.tests.test_support_ops.TestListBehaviour" name="test_filter_by_issue_type" time="0.060" /><testcase classname="backend.tests.test_support_ops.TestListBehaviour" name="test_filter_by_status_open" time="0.061" /><testcase classname="backend.tests.test_support_ops.TestDetail" name="test_detail_returns_photo_and_shape" time="0.978" /><testcase classname="backend.tests.test_support_ops.TestDetail" name="test_detail_404_unknown" time="0.058" /><testcase classname="backend.tests.test_support_ops.TestDetail" name="test_detail_forbidden_finance" time="0.111" /><testcase classname="backend.tests.test_support_ops.TestActions" name="test_enable_whatsapp_and_customer_sees_it" time="0.266" /><testcase classname="backend.tests.test_support_ops.TestActions" name="test_mark_resolved" time="0.119" /><testcase classname="backend.tests.test_support_ops.TestActions" name="test_resolve_forbidden_finance" time="0.059" /><testcase classname="backend.tests.test_support_ops.TestActions" name="test_whatsapp_forbidden_finance" time="0.063" /><testcase classname="backend.tests.test_support_ops.TestActions" name="test_resolve_404_unknown" time="0.064" /><testcase classname="backend.tests.test_support_ops.TestActions" name="test_whatsapp_404_unknown" time="0.064" /><testcase classname="backend.tests.test_support_ops.TestCustomerMyRequests" name="test_my_requests_requires_auth" time="0.114" /><testcase classname="backend.tests.test_support_ops.TestCustomerMyRequests" name="test_shape" time="0.069" /></testsuite></testsuites>