<?xml version="1.0" encoding="utf-8"?><testsuites name="pytest tests"><testsuite name="pytest" errors="0" failures="0" skipped="0" tests="15" time="6.003" timestamp="2026-07-22T07:35:25.429861+00:00" hostname="agent-env-0fd5480a-bda6-42d3-a3e9-c4d0bea02014"><testcase classname="backend.tests.test_discounts_and_rbac.TestRestaurantDiscount" name="test_dv_namma_menu_has_20pct_discount" time="0.319" /><testcase classname="backend.tests.test_discounts_and_rbac.TestRestaurantDiscount" name="test_surplus_price_independent_of_vendor_discount" time="0.095" /><testcase classname="backend.tests.test_discounts_and_rbac.TestOrderPricing" name="test_takeaway_uses_discounted_price" time="1.417" /><testcase classname="backend.tests.test_discounts_and_rbac.TestOrderPricing" name="test_dine_in_uses_discounted_price" time="0.397" /><testcase classname="backend.tests.test_discounts_and_rbac.TestOpsVisibilityRBAC" name="test_admin_sees_all_vendors" time="0.408" /><testcase classname="backend.tests.test_discounts_and_rbac.TestOpsVisibilityRBAC" name="test_ops_sees_only_assigned" time="0.511" /><testcase classname="backend.tests.test_discounts_and_rbac.TestOpsVisibilityRBAC" name="test_ops_403_on_unassigned_vendor_detail" time="0.092" /><testcase classname="backend.tests.test_discounts_and_rbac.TestOpsVisibilityRBAC" name="test_admin_can_read_any_vendor_detail" time="0.101" /><testcase classname="backend.tests.test_discounts_and_rbac.TestDeleteVendorRBAC" name="test_ops_delete_returns_403" time="0.095" /><testcase classname="backend.tests.test_discounts_and_rbac.TestDeleteVendorRBAC" name="test_admin_delete_temp_vendor_succeeds" time="0.504" /><testcase classname="backend.tests.test_discounts_and_rbac.TestAssignmentRBAC" name="test_admin_assignable_ops_lists_ops" time="0.102" /><testcase classname="backend.tests.test_discounts_and_rbac.TestAssignmentRBAC" name="test_ops_cannot_change_assigned_ops" time="1.011" /><testcase classname="backend.tests.test_discounts_and_rbac.TestVendorMenuEdit" name="test_vendor_can_update_image_kcal_protein" time="0.522" /><testcase classname="backend.tests.test_discounts_and_rbac.TestVendorMenuEdit" name="test_vendor_edit_ignores_name_price_description" time="0.096" /><testcase classname="backend.tests.test_discounts_and_rbac.TestVendorMenuEdit" name="test_vendor_404_on_other_vendor_item" time="0.286" /></testsuite></testsuites>