<?xml version="1.0" encoding="utf-8"?><testsuites name="pytest tests"><testsuite name="pytest" errors="0" failures="0" skipped="0" tests="31" time="9.876" timestamp="2026-06-30T13:03:46.256864+00:00" hostname="agent-env-0fd5480a-bda6-42d3-a3e9-c4d0bea02014"><testcase classname="backend.tests.test_ops_dashboard.TestAuthAndRBAC" name="test_login_returns_permissions" time="2.043" /><testcase classname="backend.tests.test_ops_dashboard.TestAuthAndRBAC" name="test_admin_has_all_permissions" time="0.120" /><testcase classname="backend.tests.test_ops_dashboard.TestAuthAndRBAC" name="test_operations_cannot_view_finance" time="0.103" /><testcase classname="backend.tests.test_ops_dashboard.TestAuthAndRBAC" name="test_finance_cannot_create_vendor" time="0.114" /><testcase classname="backend.tests.test_ops_dashboard.TestAuthAndRBAC" name="test_customer_success_cannot_manage_menu" time="0.098" /><testcase classname="backend.tests.test_ops_dashboard.TestAuthAndRBAC" name="test_operations_can_view_vendors" time="0.107" /><testcase classname="backend.tests.test_ops_dashboard.TestDashboardStats" name="test_stats_shape" time="0.107" /><testcase classname="backend.tests.test_ops_dashboard.TestOpsVendors" name="test_list_vendors_has_aggregates" time="0.903" /><testcase classname="backend.tests.test_ops_dashboard.TestOpsVendors" name="test_vendor_detail_full_profile" time="0.130" /><testcase classname="backend.tests.test_ops_dashboard.TestOpsVendors" name="test_update_vendor" time="0.210" /><testcase classname="backend.tests.test_ops_dashboard.TestOpsVendors" name="test_vendor_status_toggle" time="0.204" /><testcase classname="backend.tests.test_ops_dashboard.TestOpsVendors" name="test_add_note" time="0.331" /><testcase classname="backend.tests.test_ops_dashboard.TestMenuAndAvailability" name="test_menu_item_defaults_discounted_price" time="0.513" /><testcase classname="backend.tests.test_ops_dashboard.TestMenuAndAvailability" name="test_update_menu_item" time="0.220" /><testcase classname="backend.tests.test_ops_dashboard.TestMenuAndAvailability" name="test_duplicate_menu_item" time="0.205" /><testcase classname="backend.tests.test_ops_dashboard.TestMenuAndAvailability" name="test_availability_reflects_in_drops" time="0.501" /><testcase classname="backend.tests.test_ops_dashboard.TestOpsListEndpoints" name="test_orders_list" time="0.102" /><testcase classname="backend.tests.test_ops_dashboard.TestOpsListEndpoints" name="test_users_list_aggregates" time="0.100" /><testcase classname="backend.tests.test_ops_dashboard.TestOpsListEndpoints" name="test_payouts_math" time="0.108" /><testcase classname="backend.tests.test_ops_dashboard.TestOpsListEndpoints" name="test_settings_get" time="0.105" /><testcase classname="backend.tests.test_ops_dashboard.TestOpsListEndpoints" name="test_settings_update_admin_only" time="0.309" /><testcase classname="backend.tests.test_ops_dashboard.TestRolesStaffSearch" name="test_roles_endpoint" time="0.101" /><testcase classname="backend.tests.test_ops_dashboard.TestRolesStaffSearch" name="test_staff_list_requires_manage_roles" time="0.237" /><testcase classname="backend.tests.test_ops_dashboard.TestRolesStaffSearch" name="test_create_staff_and_update_role" time="0.536" /><testcase classname="backend.tests.test_ops_dashboard.TestRolesStaffSearch" name="test_cannot_delete_self" time="0.210" /><testcase classname="backend.tests.test_ops_dashboard.TestRolesStaffSearch" name="test_search_returns_categories" time="0.099" /><testcase classname="backend.tests.test_ops_dashboard.TestPayouts" name="test_mark_paid_and_history" time="0.426" /><testcase classname="backend.tests.test_ops_dashboard.TestMobileRegression" name="test_drops_list_shape" time="0.100" /><testcase classname="backend.tests.test_ops_dashboard.TestMobileRegression" name="test_drop_detail" time="0.219" /><testcase classname="backend.tests.test_ops_dashboard.TestMobileRegression" name="test_vendor_endpoints_still_work" time="0.539" /><testcase classname="backend.tests.test_ops_dashboard.TestMobileRegression" name="test_order_create_verify_flow" time="0.706" /></testsuite></testsuites>