<?xml version="1.0" encoding="utf-8"?><testsuites name="pytest tests"><testsuite name="pytest" errors="0" failures="0" skipped="0" tests="9" time="2.460" timestamp="2026-07-08T14:43:22.088688+00:00" hostname="agent-env-0fd5480a-bda6-42d3-a3e9-c4d0bea02014"><testcase classname="backend.tests.test_seed_accounts" name="test_seeded_login[anubhavg@perfectlygood.in-Anubhavv-admin]" time="0.418" /><testcase classname="backend.tests.test_seed_accounts" name="test_seeded_login[chaitanya@perfectlygood.in-123456789-operations]" time="0.269" /><testcase classname="backend.tests.test_seed_accounts" name="test_seeded_login[kavyashetty975@gmail.com-123456789-operations]" time="0.269" /><testcase classname="backend.tests.test_seed_accounts" name="test_seeded_login[sas023261@gmail.com-123456789-operations]" time="0.267" /><testcase classname="backend.tests.test_seed_accounts" name="test_seeded_login[subhashramachandraofficial@gmail.com-123456789-operations]" time="0.268" /><testcase classname="backend.tests.test_seed_accounts" name="test_admin_me_has_permissions" time="0.317" /><testcase classname="backend.tests.test_seed_accounts" name="test_wrong_password_401" time="0.267" /><testcase classname="backend.tests.test_seed_accounts" name="test_operations_cannot_create_staff" time="0.314" /><testcase classname="backend.tests.test_seed_accounts" name="test_admin_can_list_staff_no_duplicates" time="0.046" /></testsuite></testsuites>