<?xml version="1.0" encoding="utf-8"?><testsuites name="pytest tests"><testsuite name="pytest" errors="0" failures="0" skipped="0" tests="9" time="1.221" timestamp="2026-07-27T11:33:19.183597+00:00" hostname="agent-env-0fd5480a-bda6-42d3-a3e9-c4d0bea02014"><testcase classname="backend.tests.test_support.TestSupportContext" name="test_context_shape_no_order" time="0.500" /><testcase classname="backend.tests.test_support.TestSupportContext" name="test_context_requires_auth" time="0.098" /><testcase classname="backend.tests.test_support.TestSupportRequests" name="test_submit_other_ok" time="0.042" /><testcase classname="backend.tests.test_support.TestSupportRequests" name="test_submit_app_bug_ok" time="0.039" /><testcase classname="backend.tests.test_support.TestSupportRequests" name="test_wrong_item_without_photo_400" time="0.042" /><testcase classname="backend.tests.test_support.TestSupportRequests" name="test_wrong_item_with_photo_ok" time="0.080" /><testcase classname="backend.tests.test_support.TestSupportRequests" name="test_invalid_issue_type_400" time="0.040" /><testcase classname="backend.tests.test_support.TestSupportRequests" name="test_all_valid_issue_types_accepted" time="0.250" /><testcase classname="backend.tests.test_support.TestSupportRequests" name="test_submit_requires_auth" time="0.106" /></testsuite></testsuites>