<?xml version="1.0" encoding="utf-8"?><testsuites name="pytest tests"><testsuite name="pytest" errors="0" failures="0" skipped="0" tests="8" time="3.044" timestamp="2026-08-21T11:04:10.540171+00:00" hostname="agent-env-0fd5480a-bda6-42d3-a3e9-c4d0bea02014"><testcase classname="backend.tests.test_home_veg_reorder.TestRestaurantsList" name="test_has_veg_and_distance_present" time="1.426" /><testcase classname="backend.tests.test_home_veg_reorder.TestRestaurantsList" name="test_sorted_nearest_then_area" time="0.108" /><testcase classname="backend.tests.test_home_veg_reorder.TestDropsList" name="test_drops_has_category_distance_food_type" time="0.139" /><testcase classname="backend.tests.test_home_veg_reorder.TestFeaturedDeals" name="test_featured_has_vendor_category" time="0.144" /><testcase classname="backend.tests.test_home_veg_reorder.TestBrowseDeals" name="test_browse_has_category" time="0.134" /><testcase classname="backend.tests.test_home_veg_reorder.TestReorderEndpoint" name="test_reorder_returns_checkout_params" time="0.119" /><testcase classname="backend.tests.test_home_veg_reorder.TestReorderEndpoint" name="test_reorder_404_for_someone_elses_order" time="0.454" /><testcase classname="backend.tests.test_home_veg_reorder.TestReorderEndpoint" name="test_reorder_400_when_surplus_sold_out" time="0.414" /></testsuite></testsuites>