<?xml version="1.0" encoding="utf-8"?><testsuites name="pytest tests"><testsuite name="pytest" errors="0" failures="0" skipped="0" tests="14" time="5.649" timestamp="2026-07-08T14:10:48.722279+00:00" hostname="agent-env-0fd5480a-bda6-42d3-a3e9-c4d0bea02014"><testcase classname="backend.tests.test_menu_import_and_toggle.TestSeededLogins" name="test_admin_login" time="0.457" /><testcase classname="backend.tests.test_menu_import_and_toggle.TestSeededLogins" name="test_ops_login[chaitanya@perfectlygood.in-123456789]" time="0.449" /><testcase classname="backend.tests.test_menu_import_and_toggle.TestSeededLogins" name="test_ops_login[kavyashetty975@gmail.com-123456789]" time="0.459" /><testcase classname="backend.tests.test_menu_import_and_toggle.TestSeededLogins" name="test_ops_login[sas023261@gmail.com-123456789]" time="0.426" /><testcase classname="backend.tests.test_menu_import_and_toggle.TestSeededLogins" name="test_ops_login[subhashramachandraofficial@gmail.com-123456789]" time="0.433" /><testcase classname="backend.tests.test_menu_import_and_toggle.TestAIImportRemoved" name="test_extract_endpoint_404" time="0.446" /><testcase classname="backend.tests.test_menu_import_and_toggle.TestParseFile" name="test_parse_csv_veg_egg" time="0.109" /><testcase classname="backend.tests.test_menu_import_and_toggle.TestParseFile" name="test_parse_requires_manage_menu" time="0.461" /><testcase classname="backend.tests.test_menu_import_and_toggle.TestOpsSetDiscountedPrice" name="test_bulk_add_then_set_discount" time="0.515" /><testcase classname="backend.tests.test_menu_import_and_toggle.TestVendorMenuToggle" name="test_toggle_affects_customer_visibility" time="0.980" /><testcase classname="backend.tests.test_menu_import_and_toggle.TestVendorSurplusDiscount" name="test_low_discount_rejected" time="0.219" /><testcase classname="backend.tests.test_menu_import_and_toggle.TestAdminSidebarPerms" name="test_admin_all_perms" time="0.107" /><testcase classname="backend.tests.test_menu_import_and_toggle.TestOperationsRBAC" name="test_ops_cannot_create_staff" time="0.451" /><testcase classname="backend.tests.test_menu_import_and_toggle.TestOperationsRBAC" name="test_ops_missing_manage_roles" time="0.097" /></testsuite></testsuites>