<?xml version="1.0" encoding="utf-8"?><testsuites name="pytest tests"><testsuite name="pytest" errors="0" failures="0" skipped="0" tests="24" time="6.994" timestamp="2026-08-09T20:34:20.538489+00:00" hostname="agent-env-0fd5480a-bda6-42d3-a3e9-c4d0bea02014"><testcase classname="backend.tests.test_vendor_compliance.TestOpsCreateVendorDraft" name="test_admin_creates_vendor_defaults_to_draft" time="1.234" /><testcase classname="backend.tests.test_vendor_compliance.TestVendorVerification" name="test_get_verification_as_draft_vendor" time="0.429" /><testcase classname="backend.tests.test_vendor_compliance.TestVendorVerification" name="test_get_vendor_agreement_as_vendor" time="0.104" /><testcase classname="backend.tests.test_vendor_compliance.TestVendorVerification" name="test_submit_empty_returns_400_with_missing_fields" time="0.107" /><testcase classname="backend.tests.test_vendor_compliance.TestVendorVerification" name="test_put_save_draft_persists" time="0.215" /><testcase classname="backend.tests.test_vendor_compliance.TestVendorAgreementRBAC" name="test_admin_can_get" time="0.109" /><testcase classname="backend.tests.test_vendor_compliance.TestVendorAgreementRBAC" name="test_operations_can_get" time="0.414" /><testcase classname="backend.tests.test_vendor_compliance.TestVendorAgreementRBAC" name="test_ops_non_admin_cannot_update" time="0.109" /><testcase classname="backend.tests.test_vendor_compliance.TestVendorAgreementRBAC" name="test_admin_updates_and_bumps_version" time="0.315" /><testcase classname="backend.tests.test_vendor_compliance.TestCompliance" name="test_list_admin" time="0.105" /><testcase classname="backend.tests.test_vendor_compliance.TestCompliance" name="test_list_filter_pending" time="0.114" /><testcase classname="backend.tests.test_vendor_compliance.TestCompliance" name="test_detail_admin" time="0.313" /><testcase classname="backend.tests.test_vendor_compliance.TestCompliance" name="test_list_operations_view_only" time="0.098" /><testcase classname="backend.tests.test_vendor_compliance.TestApprovalRBAC" name="test_operations_approve_forbidden" time="0.124" /><testcase classname="backend.tests.test_vendor_compliance.TestApprovalRBAC" name="test_operations_reject_forbidden" time="0.110" /><testcase classname="backend.tests.test_vendor_compliance.TestApprovalRBAC" name="test_operations_suspend_forbidden" time="0.095" /><testcase classname="backend.tests.test_vendor_compliance.TestApprovalRBAC" name="test_operations_set_status_active_forbidden" time="0.091" /><testcase classname="backend.tests.test_vendor_compliance.TestApprovalRBAC" name="test_admin_reject_requires_reason" time="1.148" /><testcase classname="backend.tests.test_vendor_compliance.TestApprovalRBAC" name="test_admin_approve_then_suspend" time="0.704" /><testcase classname="backend.tests.test_vendor_compliance.TestCustomerVisibilityGating" name="test_restaurants_only_active" time="0.102" /><testcase classname="backend.tests.test_vendor_compliance.TestCustomerVisibilityGating" name="test_drops_only_active" time="0.108" /><testcase classname="backend.tests.test_vendor_compliance.TestCustomerVisibilityGating" name="test_restaurant_detail_non_active_returns_404" time="0.104" /><testcase classname="backend.tests.test_vendor_compliance.TestOrderAndGoliveGating" name="test_order_create_blocked_for_non_active_vendor" time="0.519" /><testcase classname="backend.tests.test_vendor_compliance.TestOrderAndGoliveGating" name="test_vendor_toggle_drop_blocked_when_not_active" time="0.195" /></testsuite></testsuites>