<?xml version="1.0" encoding="utf-8"?><testsuites name="pytest tests"><testsuite name="pytest" errors="0" failures="0" skipped="0" tests="8" time="2.468" timestamp="2026-08-06T09:40:59.417830+00:00" hostname="agent-env-0fd5480a-bda6-42d3-a3e9-c4d0bea02014"><testcase classname="backend.tests.test_bulk_images.TestAdminHappyPath" name="test_admin_upload_matches_and_updates_only_image" time="0.714" /><testcase classname="backend.tests.test_bulk_images.TestAdminHappyPath" name="test_only_non_image_file_all_skipped" time="0.117" /><testcase classname="backend.tests.test_bulk_images.TestAdminHappyPath" name="test_only_unknown_names_all_skipped" time="0.105" /><testcase classname="backend.tests.test_bulk_images.TestValidation" name="test_invalid_zip_returns_400" time="0.121" /><testcase classname="backend.tests.test_bulk_images.TestValidation" name="test_unknown_vendor_returns_404" time="0.102" /><testcase classname="backend.tests.test_bulk_images.TestValidation" name="test_unauthenticated_rejected" time="0.107" /><testcase classname="backend.tests.test_bulk_images.TestRbacOperations" name="test_ops_forbidden_on_unassigned_vendor" time="0.577" /><testcase classname="backend.tests.test_bulk_images.TestRbacOperations" name="test_ops_allowed_after_assignment_then_revert" time="0.587" /></testsuite></testsuites>