<?xml version="1.0" encoding="utf-8"?><testsuites name="pytest tests"><testsuite name="pytest" errors="0" failures="0" skipped="0" tests="15" time="3.997" timestamp="2026-07-07T19:05:36.922256+00:00" hostname="agent-env-0fd5480a-bda6-42d3-a3e9-c4d0bea02014"><testcase classname="backend.tests.test_order_types.TestRestaurantsList" name="test_list_restaurants_public" time="0.342" /><testcase classname="backend.tests.test_order_types.TestRestaurantsList" name="test_list_sorted_surplus_first" time="0.110" /><testcase classname="backend.tests.test_order_types.TestRestaurantsList" name="test_list_with_lat_lon_distance" time="0.148" /><testcase classname="backend.tests.test_order_types.TestRestaurantDetail" name="test_get_restaurant_shape" time="0.231" /><testcase classname="backend.tests.test_order_types.TestRestaurantDetail" name="test_surplus_items_have_discount_and_available_today" time="0.101" /><testcase classname="backend.tests.test_order_types.TestRestaurantDetail" name="test_menu_items_use_original_price" time="0.109" /><testcase classname="backend.tests.test_order_types.TestRestaurantDetail" name="test_get_restaurant_404" time="0.113" /><testcase classname="backend.tests.test_order_types.TestOrderTypes" name="test_create_surplus_order_uses_discounted_price" time="0.709" /><testcase classname="backend.tests.test_order_types.TestOrderTypes" name="test_create_takeaway_uses_original_price" time="0.120" /><testcase classname="backend.tests.test_order_types.TestOrderTypes" name="test_create_dine_in_uses_original_price_any_menu_item" time="0.227" /><testcase classname="backend.tests.test_order_types.TestOrderTypes" name="test_verify_persists_order_type_and_price" time="0.417" /><testcase classname="backend.tests.test_order_types.TestOrderTypes" name="test_surplus_quantity_decrement" time="0.421" /><testcase classname="backend.tests.test_order_types.TestOrderTypes" name="test_surplus_rejects_over_quantity" time="0.105" /><testcase classname="backend.tests.test_order_types.Test30PercentRule" name="test_reject_less_than_30_percent_off" time="0.574" /><testcase classname="backend.tests.test_order_types.Test30PercentRule" name="test_accept_exactly_30_percent_off" time="0.224" /></testsuite></testsuites>