<?xml version="1.0" encoding="utf-8"?><testsuites name="pytest tests"><testsuite name="pytest" errors="0" failures="0" skipped="0" tests="7" time="3.274" timestamp="2026-07-08T18:37:41.960029+00:00" hostname="agent-env-0fd5480a-bda6-42d3-a3e9-c4d0bea02014"><testcase classname="backend.tests.test_ops_menu_import_e2e.TestCsvImportRoundTrip" name="test_admin_can_parse_and_bulk_add_csv" time="1.207" /><testcase classname="backend.tests.test_ops_menu_import_e2e.TestXlsxParse" name="test_parse_xlsx" time="0.257" /><testcase classname="backend.tests.test_ops_menu_import_e2e.TestParseFileAuth" name="test_no_token_rejected" time="0.110" /><testcase classname="backend.tests.test_ops_menu_import_e2e.TestParseFileAuth" name="test_ops_role_has_manage_menu" time="0.554" /><testcase classname="backend.tests.test_ops_menu_import_e2e.TestParseFileAuth" name="test_customer_denied" time="0.456" /><testcase classname="backend.tests.test_ops_menu_import_e2e.TestParseFileBadType" name="test_unsupported_extension" time="0.106" /><testcase classname="backend.tests.test_ops_menu_import_e2e.TestBulkAddValidation" name="test_invalid_rows_dropped" time="0.409" /></testsuite></testsuites>