<?xml version="1.0" encoding="utf-8"?><testsuites name="pytest tests"><testsuite name="pytest" errors="0" failures="0" skipped="0" tests="11" time="2.442" timestamp="2026-08-06T16:15:13.006162+00:00" hostname="agent-env-0fd5480a-bda6-42d3-a3e9-c4d0bea02014"><testcase classname="backend.tests.test_apple_5_1_1.TestGuestBrowsing" name="test_drops_list_public" time="0.316" /><testcase classname="backend.tests.test_apple_5_1_1.TestGuestBrowsing" name="test_restaurants_list_public" time="0.055" /><testcase classname="backend.tests.test_apple_5_1_1.TestGuestBrowsing" name="test_drops_categories_public" time="0.057" /><testcase classname="backend.tests.test_apple_5_1_1.TestGuestBrowsing" name="test_drop_detail_public" time="0.113" /><testcase classname="backend.tests.test_apple_5_1_1.TestGuestBrowsing" name="test_restaurant_detail_public" time="0.115" /><testcase classname="backend.tests.test_apple_5_1_1.TestGuestBrowsing" name="test_drops_search_public" time="0.055" /><testcase classname="backend.tests.test_apple_5_1_1.TestProtectedRequireAuth" name="test_orders_user_requires_auth" time="0.057" /><testcase classname="backend.tests.test_apple_5_1_1.TestProtectedRequireAuth" name="test_auth_me_requires_auth" time="0.054" /><testcase classname="backend.tests.test_apple_5_1_1.TestProtectedRequireAuth" name="test_delete_account_requires_auth" time="0.054" /><testcase classname="backend.tests.test_apple_5_1_1.TestAccountDeletion" name="test_delete_account_full_flow" time="1.068" /><testcase classname="backend.tests.test_apple_5_1_1.TestAccountDeletion" name="test_staff_cannot_self_delete" time="0.406" /></testsuite></testsuites>